MT_CONF=0
Nthreads: 1  Runtime(sec): 10  ListSize: 1024  Workload: 100/0/0  Throughput(Kops/sec): 1557.04
MT_CONF=0
Nthreads: 1  Runtime(sec): 10  ListSize: 8192  Workload: 100/0/0  Throughput(Kops/sec): 153.14
MT_CONF=0
Nthreads: 1  Runtime(sec): 10  ListSize: 1024  Workload: 80/10/10  Throughput(Kops/sec): 2033.77
MT_CONF=0
Nthreads: 1  Runtime(sec): 10  ListSize: 8192  Workload: 80/10/10  Throughput(Kops/sec): 67.04
MT_CONF=0
Nthreads: 1  Runtime(sec): 10  ListSize: 1024  Workload: 20/40/40  Throughput(Kops/sec): 1595.38
MT_CONF=0
Nthreads: 1  Runtime(sec): 10  ListSize: 8192  Workload: 20/40/40  Throughput(Kops/sec): 86.35
MT_CONF=0
Nthreads: 1  Runtime(sec): 10  ListSize: 1024  Workload: 0/50/50  Throughput(Kops/sec): 1493.05
MT_CONF=0
Nthreads: 1  Runtime(sec): 10  ListSize: 8192  Workload: 0/50/50  Throughput(Kops/sec): 90.94
MT_CONF=0,1
Nthreads: 2  Runtime(sec): 10  ListSize: 1024  Workload: 100/0/0  Throughput(Kops/sec): 1447.90
MT_CONF=0,1
Nthreads: 2  Runtime(sec): 10  ListSize: 8192  Workload: 100/0/0  Throughput(Kops/sec): 151.15
MT_CONF=0,1
Nthreads: 2  Runtime(sec): 10  ListSize: 1024  Workload: 80/10/10  Throughput(Kops/sec): 1703.13
MT_CONF=0,1
Nthreads: 2  Runtime(sec): 10  ListSize: 8192  Workload: 80/10/10  Throughput(Kops/sec): 72.66
MT_CONF=0,1
Nthreads: 2  Runtime(sec): 10  ListSize: 1024  Workload: 20/40/40  Throughput(Kops/sec): 1433.72
MT_CONF=0,1
Nthreads: 2  Runtime(sec): 10  ListSize: 8192  Workload: 20/40/40  Throughput(Kops/sec): 74.95
MT_CONF=0,1
Nthreads: 2  Runtime(sec): 10  ListSize: 1024  Workload: 0/50/50  Throughput(Kops/sec): 1333.19
MT_CONF=0,1
Nthreads: 2  Runtime(sec): 10  ListSize: 8192  Workload: 0/50/50  Throughput(Kops/sec): 79.66
MT_CONF=0,1,2,3
Nthreads: 4  Runtime(sec): 10  ListSize: 1024  Workload: 100/0/0  Throughput(Kops/sec): 1344.39
MT_CONF=0,1,2,3
Nthreads: 4  Runtime(sec): 10  ListSize: 8192  Workload: 100/0/0  Throughput(Kops/sec): 143.62
MT_CONF=0,1,2,3
Nthreads: 4  Runtime(sec): 10  ListSize: 1024  Workload: 80/10/10  Throughput(Kops/sec): 849.16
MT_CONF=0,1,2,3
Nthreads: 4  Runtime(sec): 10  ListSize: 8192  Workload: 80/10/10  Throughput(Kops/sec): 68.37
MT_CONF=0,1,2,3
Nthreads: 4  Runtime(sec): 10  ListSize: 1024  Workload: 20/40/40  Throughput(Kops/sec): 761.51
MT_CONF=0,1,2,3
Nthreads: 4  Runtime(sec): 10  ListSize: 8192  Workload: 20/40/40  Throughput(Kops/sec): 72.15
MT_CONF=0,1,2,3
Nthreads: 4  Runtime(sec): 10  ListSize: 1024  Workload: 0/50/50  Throughput(Kops/sec): 762.80
MT_CONF=0,1,2,3
Nthreads: 4  Runtime(sec): 10  ListSize: 8192  Workload: 0/50/50  Throughput(Kops/sec): 77.52
MT_CONF=0,1,2,3,4,5,6,7
Nthreads: 8  Runtime(sec): 10  ListSize: 1024  Workload: 100/0/0  Throughput(Kops/sec): 1070.81
MT_CONF=0,1,2,3,4,5,6,7
Nthreads: 8  Runtime(sec): 10  ListSize: 8192  Workload: 100/0/0  Throughput(Kops/sec): 130.52
MT_CONF=0,1,2,3,4,5,6,7
Nthreads: 8  Runtime(sec): 10  ListSize: 1024  Workload: 80/10/10  Throughput(Kops/sec): 328.29
MT_CONF=0,1,2,3,4,5,6,7
Nthreads: 8  Runtime(sec): 10  ListSize: 8192  Workload: 80/10/10  Throughput(Kops/sec): 47.18
MT_CONF=0,1,2,3,4,5,6,7
Nthreads: 8  Runtime(sec): 10  ListSize: 1024  Workload: 20/40/40  Throughput(Kops/sec): 301.71
MT_CONF=0,1,2,3,4,5,6,7
Nthreads: 8  Runtime(sec): 10  ListSize: 8192  Workload: 20/40/40  Throughput(Kops/sec): 45.70
MT_CONF=0,1,2,3,4,5,6,7
Nthreads: 8  Runtime(sec): 10  ListSize: 1024  Workload: 0/50/50  Throughput(Kops/sec): 306.39
MT_CONF=0,1,2,3,4,5,6,7
Nthreads: 8  Runtime(sec): 10  ListSize: 8192  Workload: 0/50/50  Throughput(Kops/sec): 46.32
MT_CONF=0,1,2,3,4,5,6,7,8,9,10,11,12,13,14,15
Nthreads: 16  Runtime(sec): 10  ListSize: 1024  Workload: 100/0/0  Throughput(Kops/sec): 610.70
MT_CONF=0,1,2,3,4,5,6,7,8,9,10,11,12,13,14,15
Nthreads: 16  Runtime(sec): 10  ListSize: 8192  Workload: 100/0/0  Throughput(Kops/sec): 128.62
MT_CONF=0,1,2,3,4,5,6,7,8,9,10,11,12,13,14,15
Nthreads: 16  Runtime(sec): 10  ListSize: 1024  Workload: 80/10/10  Throughput(Kops/sec): 316.69
MT_CONF=0,1,2,3,4,5,6,7,8,9,10,11,12,13,14,15
Nthreads: 16  Runtime(sec): 10  ListSize: 8192  Workload: 80/10/10  Throughput(Kops/sec): 36.45
MT_CONF=0,1,2,3,4,5,6,7,8,9,10,11,12,13,14,15
Nthreads: 16  Runtime(sec): 10  ListSize: 1024  Workload: 20/40/40  Throughput(Kops/sec): 224.25
MT_CONF=0,1,2,3,4,5,6,7,8,9,10,11,12,13,14,15
Nthreads: 16  Runtime(sec): 10  ListSize: 8192  Workload: 20/40/40  Throughput(Kops/sec): 40.89
MT_CONF=0,1,2,3,4,5,6,7,8,9,10,11,12,13,14,15
Nthreads: 16  Runtime(sec): 10  ListSize: 1024  Workload: 0/50/50  Throughput(Kops/sec): 228.16
MT_CONF=0,1,2,3,4,5,6,7,8,9,10,11,12,13,14,15
Nthreads: 16  Runtime(sec): 10  ListSize: 8192  Workload: 0/50/50  Throughput(Kops/sec): 35.37
MT_CONF=0,1,2,3,4,5,6,7,8,9,10,11,12,13,14,15,16,17,18,19,20,21,22,23,24,25,26,27,28,29,30,31
Nthreads: 32  Runtime(sec): 10  ListSize: 1024  Workload: 100/0/0  Throughput(Kops/sec): 445.73
MT_CONF=0,1,2,3,4,5,6,7,8,9,10,11,12,13,14,15,16,17,18,19,20,21,22,23,24,25,26,27,28,29,30,31
Nthreads: 32  Runtime(sec): 10  ListSize: 8192  Workload: 100/0/0  Throughput(Kops/sec): 120.83
MT_CONF=0,1,2,3,4,5,6,7,8,9,10,11,12,13,14,15,16,17,18,19,20,21,22,23,24,25,26,27,28,29,30,31
Nthreads: 32  Runtime(sec): 10  ListSize: 1024  Workload: 80/10/10  Throughput(Kops/sec): 390.21
MT_CONF=0,1,2,3,4,5,6,7,8,9,10,11,12,13,14,15,16,17,18,19,20,21,22,23,24,25,26,27,28,29,30,31
Nthreads: 32  Runtime(sec): 10  ListSize: 8192  Workload: 80/10/10  Throughput(Kops/sec): 44.69
MT_CONF=0,1,2,3,4,5,6,7,8,9,10,11,12,13,14,15,16,17,18,19,20,21,22,23,24,25,26,27,28,29,30,31
Nthreads: 32  Runtime(sec): 10  ListSize: 1024  Workload: 20/40/40  Throughput(Kops/sec): 258.18
MT_CONF=0,1,2,3,4,5,6,7,8,9,10,11,12,13,14,15,16,17,18,19,20,21,22,23,24,25,26,27,28,29,30,31
Nthreads: 32  Runtime(sec): 10  ListSize: 8192  Workload: 20/40/40  Throughput(Kops/sec): 39.55
MT_CONF=0,1,2,3,4,5,6,7,8,9,10,11,12,13,14,15,16,17,18,19,20,21,22,23,24,25,26,27,28,29,30,31
Nthreads: 32  Runtime(sec): 10  ListSize: 1024  Workload: 0/50/50  Throughput(Kops/sec): 213.02
MT_CONF=0,1,2,3,4,5,6,7,8,9,10,11,12,13,14,15,16,17,18,19,20,21,22,23,24,25,26,27,28,29,30,31
Nthreads: 32  Runtime(sec): 10  ListSize: 8192  Workload: 0/50/50  Throughput(Kops/sec): 41.13
MT_CONF=0,1,2,3,4,5,6,7,8,9,10,11,12,13,14,15,16,17,18,19,20,21,22,23,24,25,26,27,28,29,30,31,0,1,2,3,4,5,6,7,8,9,10,11,12,13,14,15,16,17,18,19,20,21,22,23,24,25,26,27,28,29,30,31
Nthreads: 64  Runtime(sec): 10  ListSize: 1024  Workload: 100/0/0  Throughput(Kops/sec): 269.05
MT_CONF=0,1,2,3,4,5,6,7,8,9,10,11,12,13,14,15,16,17,18,19,20,21,22,23,24,25,26,27,28,29,30,31,0,1,2,3,4,5,6,7,8,9,10,11,12,13,14,15,16,17,18,19,20,21,22,23,24,25,26,27,28,29,30,31
Nthreads: 64  Runtime(sec): 10  ListSize: 8192  Workload: 100/0/0  Throughput(Kops/sec): 61.91
MT_CONF=0,1,2,3,4,5,6,7,8,9,10,11,12,13,14,15,16,17,18,19,20,21,22,23,24,25,26,27,28,29,30,31,0,1,2,3,4,5,6,7,8,9,10,11,12,13,14,15,16,17,18,19,20,21,22,23,24,25,26,27,28,29,30,31
Nthreads: 64  Runtime(sec): 10  ListSize: 1024  Workload: 80/10/10  Throughput(Kops/sec): 89.36
MT_CONF=0,1,2,3,4,5,6,7,8,9,10,11,12,13,14,15,16,17,18,19,20,21,22,23,24,25,26,27,28,29,30,31,0,1,2,3,4,5,6,7,8,9,10,11,12,13,14,15,16,17,18,19,20,21,22,23,24,25,26,27,28,29,30,31
Nthreads: 64  Runtime(sec): 10  ListSize: 8192  Workload: 80/10/10  Throughput(Kops/sec): 18.57
MT_CONF=0,1,2,3,4,5,6,7,8,9,10,11,12,13,14,15,16,17,18,19,20,21,22,23,24,25,26,27,28,29,30,31,0,1,2,3,4,5,6,7,8,9,10,11,12,13,14,15,16,17,18,19,20,21,22,23,24,25,26,27,28,29,30,31
Nthreads: 64  Runtime(sec): 10  ListSize: 1024  Workload: 20/40/40  Throughput(Kops/sec): 153.25
MT_CONF=0,1,2,3,4,5,6,7,8,9,10,11,12,13,14,15,16,17,18,19,20,21,22,23,24,25,26,27,28,29,30,31,0,1,2,3,4,5,6,7,8,9,10,11,12,13,14,15,16,17,18,19,20,21,22,23,24,25,26,27,28,29,30,31
Nthreads: 64  Runtime(sec): 10  ListSize: 8192  Workload: 20/40/40  Throughput(Kops/sec): 21.23
MT_CONF=0,1,2,3,4,5,6,7,8,9,10,11,12,13,14,15,16,17,18,19,20,21,22,23,24,25,26,27,28,29,30,31,0,1,2,3,4,5,6,7,8,9,10,11,12,13,14,15,16,17,18,19,20,21,22,23,24,25,26,27,28,29,30,31
Nthreads: 64  Runtime(sec): 10  ListSize: 1024  Workload: 0/50/50  Throughput(Kops/sec): 105.98
MT_CONF=0,1,2,3,4,5,6,7,8,9,10,11,12,13,14,15,16,17,18,19,20,21,22,23,24,25,26,27,28,29,30,31,0,1,2,3,4,5,6,7,8,9,10,11,12,13,14,15,16,17,18,19,20,21,22,23,24,25,26,27,28,29,30,31
Nthreads: 64  Runtime(sec): 10  ListSize: 8192  Workload: 0/50/50  Throughput(Kops/sec): 16.42
MT_CONF=0,1,2,3,4,5,6,7,8,9,10,11,12,13,14,15,16,17,18,19,20,21,22,23,24,25,26,27,28,29,30,31,0,1,2,3,4,5,6,7,8,9,10,11,12,13,14,15,16,17,18,19,20,21,22,23,24,25,26,27,28,29,30,31,0,1,2,3,4,5,6,7,8,9,10,11,12,13,14,15,16,17,18,19,20,21,22,23,24,25,26,27,28,29,30,31,0,1,2,3,4,5,6,7,8,9,10,11,12,13,14,15,16,17,18,19,20,21,22,23,24,25,26,27,28,29,30,31
Nthreads: 128  Runtime(sec): 10  ListSize: 1024  Workload: 100/0/0  Throughput(Kops/sec): 150.74
MT_CONF=0,1,2,3,4,5,6,7,8,9,10,11,12,13,14,15,16,17,18,19,20,21,22,23,24,25,26,27,28,29,30,31,0,1,2,3,4,5,6,7,8,9,10,11,12,13,14,15,16,17,18,19,20,21,22,23,24,25,26,27,28,29,30,31,0,1,2,3,4,5,6,7,8,9,10,11,12,13,14,15,16,17,18,19,20,21,22,23,24,25,26,27,28,29,30,31,0,1,2,3,4,5,6,7,8,9,10,11,12,13,14,15,16,17,18,19,20,21,22,23,24,25,26,27,28,29,30,31
Nthreads: 128  Runtime(sec): 10  ListSize: 8192  Workload: 100/0/0  Throughput(Kops/sec): 30.53
MT_CONF=0,1,2,3,4,5,6,7,8,9,10,11,12,13,14,15,16,17,18,19,20,21,22,23,24,25,26,27,28,29,30,31,0,1,2,3,4,5,6,7,8,9,10,11,12,13,14,15,16,17,18,19,20,21,22,23,24,25,26,27,28,29,30,31,0,1,2,3,4,5,6,7,8,9,10,11,12,13,14,15,16,17,18,19,20,21,22,23,24,25,26,27,28,29,30,31,0,1,2,3,4,5,6,7,8,9,10,11,12,13,14,15,16,17,18,19,20,21,22,23,24,25,26,27,28,29,30,31
Nthreads: 128  Runtime(sec): 10  ListSize: 1024  Workload: 80/10/10  Throughput(Kops/sec): 56.29
MT_CONF=0,1,2,3,4,5,6,7,8,9,10,11,12,13,14,15,16,17,18,19,20,21,22,23,24,25,26,27,28,29,30,31,0,1,2,3,4,5,6,7,8,9,10,11,12,13,14,15,16,17,18,19,20,21,22,23,24,25,26,27,28,29,30,31,0,1,2,3,4,5,6,7,8,9,10,11,12,13,14,15,16,17,18,19,20,21,22,23,24,25,26,27,28,29,30,31,0,1,2,3,4,5,6,7,8,9,10,11,12,13,14,15,16,17,18,19,20,21,22,23,24,25,26,27,28,29,30,31
Nthreads: 128  Runtime(sec): 10  ListSize: 8192  Workload: 80/10/10  Throughput(Kops/sec): 10.53
MT_CONF=0,1,2,3,4,5,6,7,8,9,10,11,12,13,14,15,16,17,18,19,20,21,22,23,24,25,26,27,28,29,30,31,0,1,2,3,4,5,6,7,8,9,10,11,12,13,14,15,16,17,18,19,20,21,22,23,24,25,26,27,28,29,30,31,0,1,2,3,4,5,6,7,8,9,10,11,12,13,14,15,16,17,18,19,20,21,22,23,24,25,26,27,28,29,30,31,0,1,2,3,4,5,6,7,8,9,10,11,12,13,14,15,16,17,18,19,20,21,22,23,24,25,26,27,28,29,30,31
Nthreads: 128  Runtime(sec): 10  ListSize: 1024  Workload: 20/40/40  Throughput(Kops/sec): 49.98
MT_CONF=0,1,2,3,4,5,6,7,8,9,10,11,12,13,14,15,16,17,18,19,20,21,22,23,24,25,26,27,28,29,30,31,0,1,2,3,4,5,6,7,8,9,10,11,12,13,14,15,16,17,18,19,20,21,22,23,24,25,26,27,28,29,30,31,0,1,2,3,4,5,6,7,8,9,10,11,12,13,14,15,16,17,18,19,20,21,22,23,24,25,26,27,28,29,30,31,0,1,2,3,4,5,6,7,8,9,10,11,12,13,14,15,16,17,18,19,20,21,22,23,24,25,26,27,28,29,30,31
Nthreads: 128  Runtime(sec): 10  ListSize: 8192  Workload: 20/40/40  Throughput(Kops/sec):  9.79
MT_CONF=0,1,2,3,4,5,6,7,8,9,10,11,12,13,14,15,16,17,18,19,20,21,22,23,24,25,26,27,28,29,30,31,0,1,2,3,4,5,6,7,8,9,10,11,12,13,14,15,16,17,18,19,20,21,22,23,24,25,26,27,28,29,30,31,0,1,2,3,4,5,6,7,8,9,10,11,12,13,14,15,16,17,18,19,20,21,22,23,24,25,26,27,28,29,30,31,0,1,2,3,4,5,6,7,8,9,10,11,12,13,14,15,16,17,18,19,20,21,22,23,24,25,26,27,28,29,30,31
Nthreads: 128  Runtime(sec): 10  ListSize: 1024  Workload: 0/50/50  Throughput(Kops/sec): 78.51
MT_CONF=0,1,2,3,4,5,6,7,8,9,10,11,12,13,14,15,16,17,18,19,20,21,22,23,24,25,26,27,28,29,30,31,0,1,2,3,4,5,6,7,8,9,10,11,12,13,14,15,16,17,18,19,20,21,22,23,24,25,26,27,28,29,30,31,0,1,2,3,4,5,6,7,8,9,10,11,12,13,14,15,16,17,18,19,20,21,22,23,24,25,26,27,28,29,30,31,0,1,2,3,4,5,6,7,8,9,10,11,12,13,14,15,16,17,18,19,20,21,22,23,24,25,26,27,28,29,30,31
Nthreads: 128  Runtime(sec): 10  ListSize: 8192  Workload: 0/50/50  Throughput(Kops/sec):  7.44
