MT_CONF=0
Nthreads: 1  Runtime(sec): 10  ListSize: 1024  Workload: 100/0/0  Throughput(Kops/sec): 233.07
MT_CONF=0
Nthreads: 1  Runtime(sec): 10  ListSize: 8192  Workload: 100/0/0  Throughput(Kops/sec): 29.35
MT_CONF=0
Nthreads: 1  Runtime(sec): 10  ListSize: 1024  Workload: 80/10/10  Throughput(Kops/sec): 390.18
MT_CONF=0
Nthreads: 1  Runtime(sec): 10  ListSize: 8192  Workload: 80/10/10  Throughput(Kops/sec): 37.97
MT_CONF=0
Nthreads: 1  Runtime(sec): 10  ListSize: 1024  Workload: 20/40/40  Throughput(Kops/sec): 387.73
MT_CONF=0
Nthreads: 1  Runtime(sec): 10  ListSize: 8192  Workload: 20/40/40  Throughput(Kops/sec): 40.34
MT_CONF=0
Nthreads: 1  Runtime(sec): 10  ListSize: 1024  Workload: 0/50/50  Throughput(Kops/sec): 387.80
MT_CONF=0
Nthreads: 1  Runtime(sec): 10  ListSize: 8192  Workload: 0/50/50  Throughput(Kops/sec): 40.52
MT_CONF=0,1
Nthreads: 2  Runtime(sec): 10  ListSize: 1024  Workload: 100/0/0  Throughput(Kops/sec): 310.78
MT_CONF=0,1
Nthreads: 2  Runtime(sec): 10  ListSize: 8192  Workload: 100/0/0  Throughput(Kops/sec): 55.16
MT_CONF=0,1
Nthreads: 2  Runtime(sec): 10  ListSize: 1024  Workload: 80/10/10  Throughput(Kops/sec): 240.99
MT_CONF=0,1
Nthreads: 2  Runtime(sec): 10  ListSize: 8192  Workload: 80/10/10  Throughput(Kops/sec): 37.82
MT_CONF=0,1
Nthreads: 2  Runtime(sec): 10  ListSize: 1024  Workload: 20/40/40  Throughput(Kops/sec): 241.47
MT_CONF=0,1
Nthreads: 2  Runtime(sec): 10  ListSize: 8192  Workload: 20/40/40  Throughput(Kops/sec): 35.23
MT_CONF=0,1
Nthreads: 2  Runtime(sec): 10  ListSize: 1024  Workload: 0/50/50  Throughput(Kops/sec): 241.00
MT_CONF=0,1
Nthreads: 2  Runtime(sec): 10  ListSize: 8192  Workload: 0/50/50  Throughput(Kops/sec): 35.12
MT_CONF=0,1,2,3
Nthreads: 4  Runtime(sec): 10  ListSize: 1024  Workload: 100/0/0  Throughput(Kops/sec): 414.52
MT_CONF=0,1,2,3
Nthreads: 4  Runtime(sec): 10  ListSize: 8192  Workload: 100/0/0  Throughput(Kops/sec): 98.93
MT_CONF=0,1,2,3
Nthreads: 4  Runtime(sec): 10  ListSize: 1024  Workload: 80/10/10  Throughput(Kops/sec): 332.19
MT_CONF=0,1,2,3
Nthreads: 4  Runtime(sec): 10  ListSize: 8192  Workload: 80/10/10  Throughput(Kops/sec): 56.56
MT_CONF=0,1,2,3
Nthreads: 4  Runtime(sec): 10  ListSize: 1024  Workload: 20/40/40  Throughput(Kops/sec): 332.69
MT_CONF=0,1,2,3
Nthreads: 4  Runtime(sec): 10  ListSize: 8192  Workload: 20/40/40  Throughput(Kops/sec): 48.28
MT_CONF=0,1,2,3
Nthreads: 4  Runtime(sec): 10  ListSize: 1024  Workload: 0/50/50  Throughput(Kops/sec): 334.65
MT_CONF=0,1,2,3
Nthreads: 4  Runtime(sec): 10  ListSize: 8192  Workload: 0/50/50  Throughput(Kops/sec): 52.86
MT_CONF=0,1,2,3,4,5,6,7
Nthreads: 8  Runtime(sec): 10  ListSize: 1024  Workload: 100/0/0  Throughput(Kops/sec): 515.42
MT_CONF=0,1,2,3,4,5,6,7
Nthreads: 8  Runtime(sec): 10  ListSize: 8192  Workload: 100/0/0  Throughput(Kops/sec): 130.86
MT_CONF=0,1,2,3,4,5,6,7
Nthreads: 8  Runtime(sec): 10  ListSize: 1024  Workload: 80/10/10  Throughput(Kops/sec): 491.33
MT_CONF=0,1,2,3,4,5,6,7
Nthreads: 8  Runtime(sec): 10  ListSize: 8192  Workload: 80/10/10  Throughput(Kops/sec): 85.85
MT_CONF=0,1,2,3,4,5,6,7
Nthreads: 8  Runtime(sec): 10  ListSize: 1024  Workload: 20/40/40  Throughput(Kops/sec): 496.31
MT_CONF=0,1,2,3,4,5,6,7
Nthreads: 8  Runtime(sec): 10  ListSize: 8192  Workload: 20/40/40  Throughput(Kops/sec): 81.97
MT_CONF=0,1,2,3,4,5,6,7
Nthreads: 8  Runtime(sec): 10  ListSize: 1024  Workload: 0/50/50  Throughput(Kops/sec): 496.47
MT_CONF=0,1,2,3,4,5,6,7
Nthreads: 8  Runtime(sec): 10  ListSize: 8192  Workload: 0/50/50  Throughput(Kops/sec): 82.10
MT_CONF=0,1,2,3,4,5,6,7,8,9,10,11,12,13,14,15
Nthreads: 16  Runtime(sec): 10  ListSize: 1024  Workload: 100/0/0  Throughput(Kops/sec): 232.60
MT_CONF=0,1,2,3,4,5,6,7,8,9,10,11,12,13,14,15
Nthreads: 16  Runtime(sec): 10  ListSize: 8192  Workload: 100/0/0  Throughput(Kops/sec): 73.66
MT_CONF=0,1,2,3,4,5,6,7,8,9,10,11,12,13,14,15
Nthreads: 16  Runtime(sec): 10  ListSize: 1024  Workload: 80/10/10  Throughput(Kops/sec): 223.75
MT_CONF=0,1,2,3,4,5,6,7,8,9,10,11,12,13,14,15
Nthreads: 16  Runtime(sec): 10  ListSize: 8192  Workload: 80/10/10  Throughput(Kops/sec): 49.02
MT_CONF=0,1,2,3,4,5,6,7,8,9,10,11,12,13,14,15
Nthreads: 16  Runtime(sec): 10  ListSize: 1024  Workload: 20/40/40  Throughput(Kops/sec): 224.76
MT_CONF=0,1,2,3,4,5,6,7,8,9,10,11,12,13,14,15
Nthreads: 16  Runtime(sec): 10  ListSize: 8192  Workload: 20/40/40  Throughput(Kops/sec): 47.61
MT_CONF=0,1,2,3,4,5,6,7,8,9,10,11,12,13,14,15
Nthreads: 16  Runtime(sec): 10  ListSize: 1024  Workload: 0/50/50  Throughput(Kops/sec): 226.19
MT_CONF=0,1,2,3,4,5,6,7,8,9,10,11,12,13,14,15
Nthreads: 16  Runtime(sec): 10  ListSize: 8192  Workload: 0/50/50  Throughput(Kops/sec): 47.69
MT_CONF=0,1,2,3,4,5,6,7,8,9,10,11,12,13,14,15,16,17,18,19,20,21,22,23,24,25,26,27,28,29,30,31
Nthreads: 32  Runtime(sec): 10  ListSize: 1024  Workload: 100/0/0  Throughput(Kops/sec): 130.86
MT_CONF=0,1,2,3,4,5,6,7,8,9,10,11,12,13,14,15,16,17,18,19,20,21,22,23,24,25,26,27,28,29,30,31
Nthreads: 32  Runtime(sec): 10  ListSize: 8192  Workload: 100/0/0  Throughput(Kops/sec): 37.96
MT_CONF=0,1,2,3,4,5,6,7,8,9,10,11,12,13,14,15,16,17,18,19,20,21,22,23,24,25,26,27,28,29,30,31
Nthreads: 32  Runtime(sec): 10  ListSize: 1024  Workload: 80/10/10  Throughput(Kops/sec): 262.40
MT_CONF=0,1,2,3,4,5,6,7,8,9,10,11,12,13,14,15,16,17,18,19,20,21,22,23,24,25,26,27,28,29,30,31
Nthreads: 32  Runtime(sec): 10  ListSize: 8192  Workload: 80/10/10  Throughput(Kops/sec): 56.32
MT_CONF=0,1,2,3,4,5,6,7,8,9,10,11,12,13,14,15,16,17,18,19,20,21,22,23,24,25,26,27,28,29,30,31
Nthreads: 32  Runtime(sec): 10  ListSize: 1024  Workload: 20/40/40  Throughput(Kops/sec): 243.98
MT_CONF=0,1,2,3,4,5,6,7,8,9,10,11,12,13,14,15,16,17,18,19,20,21,22,23,24,25,26,27,28,29,30,31
Nthreads: 32  Runtime(sec): 10  ListSize: 8192  Workload: 20/40/40  Throughput(Kops/sec): 59.73
MT_CONF=0,1,2,3,4,5,6,7,8,9,10,11,12,13,14,15,16,17,18,19,20,21,22,23,24,25,26,27,28,29,30,31
Nthreads: 32  Runtime(sec): 10  ListSize: 1024  Workload: 0/50/50  Throughput(Kops/sec): 243.17
MT_CONF=0,1,2,3,4,5,6,7,8,9,10,11,12,13,14,15,16,17,18,19,20,21,22,23,24,25,26,27,28,29,30,31
Nthreads: 32  Runtime(sec): 10  ListSize: 8192  Workload: 0/50/50  Throughput(Kops/sec): 60.19
MT_CONF=0,1,2,3,4,5,6,7,8,9,10,11,12,13,14,15,16,17,18,19,20,21,22,23,24,25,26,27,28,29,30,31,0,1,2,3,4,5,6,7,8,9,10,11,12,13,14,15,16,17,18,19,20,21,22,23,24,25,26,27,28,29,30,31
Nthreads: 64  Runtime(sec): 10  ListSize: 1024  Workload: 100/0/0  Throughput(Kops/sec):  6.65
MT_CONF=0,1,2,3,4,5,6,7,8,9,10,11,12,13,14,15,16,17,18,19,20,21,22,23,24,25,26,27,28,29,30,31,0,1,2,3,4,5,6,7,8,9,10,11,12,13,14,15,16,17,18,19,20,21,22,23,24,25,26,27,28,29,30,31
Nthreads: 64  Runtime(sec): 10  ListSize: 8192  Workload: 100/0/0  Throughput(Kops/sec):  0.92
MT_CONF=0,1,2,3,4,5,6,7,8,9,10,11,12,13,14,15,16,17,18,19,20,21,22,23,24,25,26,27,28,29,30,31,0,1,2,3,4,5,6,7,8,9,10,11,12,13,14,15,16,17,18,19,20,21,22,23,24,25,26,27,28,29,30,31
Nthreads: 64  Runtime(sec): 10  ListSize: 1024  Workload: 80/10/10  Throughput(Kops/sec): 10.78
MT_CONF=0,1,2,3,4,5,6,7,8,9,10,11,12,13,14,15,16,17,18,19,20,21,22,23,24,25,26,27,28,29,30,31,0,1,2,3,4,5,6,7,8,9,10,11,12,13,14,15,16,17,18,19,20,21,22,23,24,25,26,27,28,29,30,31
Nthreads: 64  Runtime(sec): 10  ListSize: 8192  Workload: 80/10/10  Throughput(Kops/sec):  0.71
MT_CONF=0,1,2,3,4,5,6,7,8,9,10,11,12,13,14,15,16,17,18,19,20,21,22,23,24,25,26,27,28,29,30,31,0,1,2,3,4,5,6,7,8,9,10,11,12,13,14,15,16,17,18,19,20,21,22,23,24,25,26,27,28,29,30,31
Nthreads: 64  Runtime(sec): 10  ListSize: 1024  Workload: 20/40/40  Throughput(Kops/sec): 21.75
MT_CONF=0,1,2,3,4,5,6,7,8,9,10,11,12,13,14,15,16,17,18,19,20,21,22,23,24,25,26,27,28,29,30,31,0,1,2,3,4,5,6,7,8,9,10,11,12,13,14,15,16,17,18,19,20,21,22,23,24,25,26,27,28,29,30,31
Nthreads: 64  Runtime(sec): 10  ListSize: 8192  Workload: 20/40/40  Throughput(Kops/sec):  0.37
MT_CONF=0,1,2,3,4,5,6,7,8,9,10,11,12,13,14,15,16,17,18,19,20,21,22,23,24,25,26,27,28,29,30,31,0,1,2,3,4,5,6,7,8,9,10,11,12,13,14,15,16,17,18,19,20,21,22,23,24,25,26,27,28,29,30,31
Nthreads: 64  Runtime(sec): 10  ListSize: 1024  Workload: 0/50/50  Throughput(Kops/sec):  9.69
MT_CONF=0,1,2,3,4,5,6,7,8,9,10,11,12,13,14,15,16,17,18,19,20,21,22,23,24,25,26,27,28,29,30,31,0,1,2,3,4,5,6,7,8,9,10,11,12,13,14,15,16,17,18,19,20,21,22,23,24,25,26,27,28,29,30,31
Nthreads: 64  Runtime(sec): 10  ListSize: 8192  Workload: 0/50/50  Throughput(Kops/sec):  0.34
MT_CONF=0,1,2,3,4,5,6,7,8,9,10,11,12,13,14,15,16,17,18,19,20,21,22,23,24,25,26,27,28,29,30,31,0,1,2,3,4,5,6,7,8,9,10,11,12,13,14,15,16,17,18,19,20,21,22,23,24,25,26,27,28,29,30,31,0,1,2,3,4,5,6,7,8,9,10,11,12,13,14,15,16,17,18,19,20,21,22,23,24,25,26,27,28,29,30,31,0,1,2,3,4,5,6,7,8,9,10,11,12,13,14,15,16,17,18,19,20,21,22,23,24,25,26,27,28,29,30,31
Nthreads: 128  Runtime(sec): 10  ListSize: 1024  Workload: 100/0/0  Throughput(Kops/sec):  1.22
MT_CONF=0,1,2,3,4,5,6,7,8,9,10,11,12,13,14,15,16,17,18,19,20,21,22,23,24,25,26,27,28,29,30,31,0,1,2,3,4,5,6,7,8,9,10,11,12,13,14,15,16,17,18,19,20,21,22,23,24,25,26,27,28,29,30,31,0,1,2,3,4,5,6,7,8,9,10,11,12,13,14,15,16,17,18,19,20,21,22,23,24,25,26,27,28,29,30,31,0,1,2,3,4,5,6,7,8,9,10,11,12,13,14,15,16,17,18,19,20,21,22,23,24,25,26,27,28,29,30,31
Nthreads: 128  Runtime(sec): 10  ListSize: 8192  Workload: 100/0/0  Throughput(Kops/sec):  0.23
MT_CONF=0,1,2,3,4,5,6,7,8,9,10,11,12,13,14,15,16,17,18,19,20,21,22,23,24,25,26,27,28,29,30,31,0,1,2,3,4,5,6,7,8,9,10,11,12,13,14,15,16,17,18,19,20,21,22,23,24,25,26,27,28,29,30,31,0,1,2,3,4,5,6,7,8,9,10,11,12,13,14,15,16,17,18,19,20,21,22,23,24,25,26,27,28,29,30,31,0,1,2,3,4,5,6,7,8,9,10,11,12,13,14,15,16,17,18,19,20,21,22,23,24,25,26,27,28,29,30,31
Nthreads: 128  Runtime(sec): 10  ListSize: 1024  Workload: 80/10/10  Throughput(Kops/sec):  0.88
MT_CONF=0,1,2,3,4,5,6,7,8,9,10,11,12,13,14,15,16,17,18,19,20,21,22,23,24,25,26,27,28,29,30,31,0,1,2,3,4,5,6,7,8,9,10,11,12,13,14,15,16,17,18,19,20,21,22,23,24,25,26,27,28,29,30,31,0,1,2,3,4,5,6,7,8,9,10,11,12,13,14,15,16,17,18,19,20,21,22,23,24,25,26,27,28,29,30,31,0,1,2,3,4,5,6,7,8,9,10,11,12,13,14,15,16,17,18,19,20,21,22,23,24,25,26,27,28,29,30,31
Nthreads: 128  Runtime(sec): 10  ListSize: 8192  Workload: 80/10/10  Throughput(Kops/sec):  0.17
MT_CONF=0,1,2,3,4,5,6,7,8,9,10,11,12,13,14,15,16,17,18,19,20,21,22,23,24,25,26,27,28,29,30,31,0,1,2,3,4,5,6,7,8,9,10,11,12,13,14,15,16,17,18,19,20,21,22,23,24,25,26,27,28,29,30,31,0,1,2,3,4,5,6,7,8,9,10,11,12,13,14,15,16,17,18,19,20,21,22,23,24,25,26,27,28,29,30,31,0,1,2,3,4,5,6,7,8,9,10,11,12,13,14,15,16,17,18,19,20,21,22,23,24,25,26,27,28,29,30,31
Nthreads: 128  Runtime(sec): 10  ListSize: 1024  Workload: 20/40/40  Throughput(Kops/sec):  1.69
MT_CONF=0,1,2,3,4,5,6,7,8,9,10,11,12,13,14,15,16,17,18,19,20,21,22,23,24,25,26,27,28,29,30,31,0,1,2,3,4,5,6,7,8,9,10,11,12,13,14,15,16,17,18,19,20,21,22,23,24,25,26,27,28,29,30,31,0,1,2,3,4,5,6,7,8,9,10,11,12,13,14,15,16,17,18,19,20,21,22,23,24,25,26,27,28,29,30,31,0,1,2,3,4,5,6,7,8,9,10,11,12,13,14,15,16,17,18,19,20,21,22,23,24,25,26,27,28,29,30,31
Nthreads: 128  Runtime(sec): 10  ListSize: 8192  Workload: 20/40/40  Throughput(Kops/sec):  0.23
MT_CONF=0,1,2,3,4,5,6,7,8,9,10,11,12,13,14,15,16,17,18,19,20,21,22,23,24,25,26,27,28,29,30,31,0,1,2,3,4,5,6,7,8,9,10,11,12,13,14,15,16,17,18,19,20,21,22,23,24,25,26,27,28,29,30,31,0,1,2,3,4,5,6,7,8,9,10,11,12,13,14,15,16,17,18,19,20,21,22,23,24,25,26,27,28,29,30,31,0,1,2,3,4,5,6,7,8,9,10,11,12,13,14,15,16,17,18,19,20,21,22,23,24,25,26,27,28,29,30,31
Nthreads: 128  Runtime(sec): 10  ListSize: 1024  Workload: 0/50/50  Throughput(Kops/sec):  2.65
MT_CONF=0,1,2,3,4,5,6,7,8,9,10,11,12,13,14,15,16,17,18,19,20,21,22,23,24,25,26,27,28,29,30,31,0,1,2,3,4,5,6,7,8,9,10,11,12,13,14,15,16,17,18,19,20,21,22,23,24,25,26,27,28,29,30,31,0,1,2,3,4,5,6,7,8,9,10,11,12,13,14,15,16,17,18,19,20,21,22,23,24,25,26,27,28,29,30,31,0,1,2,3,4,5,6,7,8,9,10,11,12,13,14,15,16,17,18,19,20,21,22,23,24,25,26,27,28,29,30,31
Nthreads: 128  Runtime(sec): 10  ListSize: 8192  Workload: 0/50/50  Throughput(Kops/sec):  0.26
