MT_CONF=0
Nthreads: 1  Runtime(sec): 10  ListSize: 1024  Workload: 100/0/0  Throughput(Kops/sec): 1566.22
MT_CONF=0
Nthreads: 1  Runtime(sec): 10  ListSize: 8192  Workload: 100/0/0  Throughput(Kops/sec): 152.57
MT_CONF=0
Nthreads: 1  Runtime(sec): 10  ListSize: 1024  Workload: 80/10/10  Throughput(Kops/sec): 1912.36
MT_CONF=0
Nthreads: 1  Runtime(sec): 10  ListSize: 8192  Workload: 80/10/10  Throughput(Kops/sec): 62.25
MT_CONF=0
Nthreads: 1  Runtime(sec): 10  ListSize: 1024  Workload: 20/40/40  Throughput(Kops/sec): 1502.27
MT_CONF=0
Nthreads: 1  Runtime(sec): 10  ListSize: 8192  Workload: 20/40/40  Throughput(Kops/sec): 63.07
MT_CONF=0
Nthreads: 1  Runtime(sec): 10  ListSize: 1024  Workload: 0/50/50  Throughput(Kops/sec): 1416.64
MT_CONF=0
Nthreads: 1  Runtime(sec): 10  ListSize: 8192  Workload: 0/50/50  Throughput(Kops/sec): 65.46
MT_CONF=0,1
Nthreads: 2  Runtime(sec): 10  ListSize: 1024  Workload: 100/0/0  Throughput(Kops/sec): 3109.48
MT_CONF=0,1
Nthreads: 2  Runtime(sec): 10  ListSize: 8192  Workload: 100/0/0  Throughput(Kops/sec): 302.45
MT_CONF=0,1
Nthreads: 2  Runtime(sec): 10  ListSize: 1024  Workload: 80/10/10  Throughput(Kops/sec): 1797.34
MT_CONF=0,1
Nthreads: 2  Runtime(sec): 10  ListSize: 8192  Workload: 80/10/10  Throughput(Kops/sec): 114.94
MT_CONF=0,1
Nthreads: 2  Runtime(sec): 10  ListSize: 1024  Workload: 20/40/40  Throughput(Kops/sec): 1399.03
MT_CONF=0,1
Nthreads: 2  Runtime(sec): 10  ListSize: 8192  Workload: 20/40/40  Throughput(Kops/sec): 122.57
MT_CONF=0,1
Nthreads: 2  Runtime(sec): 10  ListSize: 1024  Workload: 0/50/50  Throughput(Kops/sec): 1322.94
MT_CONF=0,1
Nthreads: 2  Runtime(sec): 10  ListSize: 8192  Workload: 0/50/50  Throughput(Kops/sec): 125.86
MT_CONF=0,1,2,3
Nthreads: 4  Runtime(sec): 10  ListSize: 1024  Workload: 100/0/0  Throughput(Kops/sec): 5977.06
MT_CONF=0,1,2,3
Nthreads: 4  Runtime(sec): 10  ListSize: 8192  Workload: 100/0/0  Throughput(Kops/sec): 574.00
MT_CONF=0,1,2,3
Nthreads: 4  Runtime(sec): 10  ListSize: 1024  Workload: 80/10/10  Throughput(Kops/sec): 1389.48
MT_CONF=0,1,2,3
Nthreads: 4  Runtime(sec): 10  ListSize: 8192  Workload: 80/10/10  Throughput(Kops/sec): 218.07
MT_CONF=0,1,2,3
Nthreads: 4  Runtime(sec): 10  ListSize: 1024  Workload: 20/40/40  Throughput(Kops/sec): 1265.46
MT_CONF=0,1,2,3
Nthreads: 4  Runtime(sec): 10  ListSize: 8192  Workload: 20/40/40  Throughput(Kops/sec): 231.49
MT_CONF=0,1,2,3
Nthreads: 4  Runtime(sec): 10  ListSize: 1024  Workload: 0/50/50  Throughput(Kops/sec): 1233.91
MT_CONF=0,1,2,3
Nthreads: 4  Runtime(sec): 10  ListSize: 8192  Workload: 0/50/50  Throughput(Kops/sec): 237.09
MT_CONF=0,1,2,3,4,5,6,7
Nthreads: 8  Runtime(sec): 10  ListSize: 1024  Workload: 100/0/0  Throughput(Kops/sec): 11069.31
MT_CONF=0,1,2,3,4,5,6,7
Nthreads: 8  Runtime(sec): 10  ListSize: 8192  Workload: 100/0/0  Throughput(Kops/sec): 1077.01
MT_CONF=0,1,2,3,4,5,6,7
Nthreads: 8  Runtime(sec): 10  ListSize: 1024  Workload: 80/10/10  Throughput(Kops/sec): 1822.51
MT_CONF=0,1,2,3,4,5,6,7
Nthreads: 8  Runtime(sec): 10  ListSize: 8192  Workload: 80/10/10  Throughput(Kops/sec): 319.90
MT_CONF=0,1,2,3,4,5,6,7
Nthreads: 8  Runtime(sec): 10  ListSize: 1024  Workload: 20/40/40  Throughput(Kops/sec): 1710.43
MT_CONF=0,1,2,3,4,5,6,7
Nthreads: 8  Runtime(sec): 10  ListSize: 8192  Workload: 20/40/40  Throughput(Kops/sec): 335.02
MT_CONF=0,1,2,3,4,5,6,7
Nthreads: 8  Runtime(sec): 10  ListSize: 1024  Workload: 0/50/50  Throughput(Kops/sec): 1667.25
MT_CONF=0,1,2,3,4,5,6,7
Nthreads: 8  Runtime(sec): 10  ListSize: 8192  Workload: 0/50/50  Throughput(Kops/sec): 347.05
MT_CONF=0,1,2,3,4,5,6,7,8,9,10,11,12,13,14,15
Nthreads: 16  Runtime(sec): 10  ListSize: 1024  Workload: 100/0/0  Throughput(Kops/sec): 22105.57
MT_CONF=0,1,2,3,4,5,6,7,8,9,10,11,12,13,14,15
Nthreads: 16  Runtime(sec): 10  ListSize: 8192  Workload: 100/0/0  Throughput(Kops/sec): 1932.37
MT_CONF=0,1,2,3,4,5,6,7,8,9,10,11,12,13,14,15
Nthreads: 16  Runtime(sec): 10  ListSize: 1024  Workload: 80/10/10  Throughput(Kops/sec): 1350.22
MT_CONF=0,1,2,3,4,5,6,7,8,9,10,11,12,13,14,15
Nthreads: 16  Runtime(sec): 10  ListSize: 8192  Workload: 80/10/10  Throughput(Kops/sec): 491.99
MT_CONF=0,1,2,3,4,5,6,7,8,9,10,11,12,13,14,15
Nthreads: 16  Runtime(sec): 10  ListSize: 1024  Workload: 20/40/40  Throughput(Kops/sec): 1150.36
MT_CONF=0,1,2,3,4,5,6,7,8,9,10,11,12,13,14,15
Nthreads: 16  Runtime(sec): 10  ListSize: 8192  Workload: 20/40/40  Throughput(Kops/sec): 502.49
MT_CONF=0,1,2,3,4,5,6,7,8,9,10,11,12,13,14,15
Nthreads: 16  Runtime(sec): 10  ListSize: 1024  Workload: 0/50/50  Throughput(Kops/sec): 1101.05
MT_CONF=0,1,2,3,4,5,6,7,8,9,10,11,12,13,14,15
Nthreads: 16  Runtime(sec): 10  ListSize: 8192  Workload: 0/50/50  Throughput(Kops/sec): 486.35
MT_CONF=0,1,2,3,4,5,6,7,8,9,10,11,12,13,14,15,16,17,18,19,20,21,22,23,24,25,26,27,28,29,30,31
Nthreads: 32  Runtime(sec): 10  ListSize: 1024  Workload: 100/0/0  Throughput(Kops/sec): 44224.11
MT_CONF=0,1,2,3,4,5,6,7,8,9,10,11,12,13,14,15,16,17,18,19,20,21,22,23,24,25,26,27,28,29,30,31
Nthreads: 32  Runtime(sec): 10  ListSize: 8192  Workload: 100/0/0  Throughput(Kops/sec): 4303.03
MT_CONF=0,1,2,3,4,5,6,7,8,9,10,11,12,13,14,15,16,17,18,19,20,21,22,23,24,25,26,27,28,29,30,31
Nthreads: 32  Runtime(sec): 10  ListSize: 1024  Workload: 80/10/10  Throughput(Kops/sec): 5414.91
MT_CONF=0,1,2,3,4,5,6,7,8,9,10,11,12,13,14,15,16,17,18,19,20,21,22,23,24,25,26,27,28,29,30,31
Nthreads: 32  Runtime(sec): 10  ListSize: 8192  Workload: 80/10/10  Throughput(Kops/sec): 842.97
MT_CONF=0,1,2,3,4,5,6,7,8,9,10,11,12,13,14,15,16,17,18,19,20,21,22,23,24,25,26,27,28,29,30,31
Nthreads: 32  Runtime(sec): 10  ListSize: 1024  Workload: 20/40/40  Throughput(Kops/sec): 3757.98
MT_CONF=0,1,2,3,4,5,6,7,8,9,10,11,12,13,14,15,16,17,18,19,20,21,22,23,24,25,26,27,28,29,30,31
Nthreads: 32  Runtime(sec): 10  ListSize: 8192  Workload: 20/40/40  Throughput(Kops/sec): 798.67
MT_CONF=0,1,2,3,4,5,6,7,8,9,10,11,12,13,14,15,16,17,18,19,20,21,22,23,24,25,26,27,28,29,30,31
Nthreads: 32  Runtime(sec): 10  ListSize: 1024  Workload: 0/50/50  Throughput(Kops/sec): 3416.71
MT_CONF=0,1,2,3,4,5,6,7,8,9,10,11,12,13,14,15,16,17,18,19,20,21,22,23,24,25,26,27,28,29,30,31
Nthreads: 32  Runtime(sec): 10  ListSize: 8192  Workload: 0/50/50  Throughput(Kops/sec): 782.02
MT_CONF=0,1,2,3,4,5,6,7,8,9,10,11,12,13,14,15,16,17,18,19,20,21,22,23,24,25,26,27,28,29,30,31,32,33,34,35,36,37,38,39,40,41,42,43,44,45,46,47,48,49,50,51,52,53,54,55,56,57,58,59,60,61,62,63
Nthreads: 64  Runtime(sec): 10  ListSize: 1024  Workload: 100/0/0  Throughput(Kops/sec): 67056.97
MT_CONF=0,1,2,3,4,5,6,7,8,9,10,11,12,13,14,15,16,17,18,19,20,21,22,23,24,25,26,27,28,29,30,31,32,33,34,35,36,37,38,39,40,41,42,43,44,45,46,47,48,49,50,51,52,53,54,55,56,57,58,59,60,61,62,63
Nthreads: 64  Runtime(sec): 10  ListSize: 8192  Workload: 100/0/0  Throughput(Kops/sec): 8173.90
MT_CONF=0,1,2,3,4,5,6,7,8,9,10,11,12,13,14,15,16,17,18,19,20,21,22,23,24,25,26,27,28,29,30,31,32,33,34,35,36,37,38,39,40,41,42,43,44,45,46,47,48,49,50,51,52,53,54,55,56,57,58,59,60,61,62,63
Nthreads: 64  Runtime(sec): 10  ListSize: 1024  Workload: 80/10/10  Throughput(Kops/sec): 8752.61
MT_CONF=0,1,2,3,4,5,6,7,8,9,10,11,12,13,14,15,16,17,18,19,20,21,22,23,24,25,26,27,28,29,30,31,32,33,34,35,36,37,38,39,40,41,42,43,44,45,46,47,48,49,50,51,52,53,54,55,56,57,58,59,60,61,62,63
Nthreads: 64  Runtime(sec): 10  ListSize: 8192  Workload: 80/10/10  Throughput(Kops/sec): 854.41
MT_CONF=0,1,2,3,4,5,6,7,8,9,10,11,12,13,14,15,16,17,18,19,20,21,22,23,24,25,26,27,28,29,30,31,32,33,34,35,36,37,38,39,40,41,42,43,44,45,46,47,48,49,50,51,52,53,54,55,56,57,58,59,60,61,62,63
Nthreads: 64  Runtime(sec): 10  ListSize: 1024  Workload: 20/40/40  Throughput(Kops/sec): 6146.71
MT_CONF=0,1,2,3,4,5,6,7,8,9,10,11,12,13,14,15,16,17,18,19,20,21,22,23,24,25,26,27,28,29,30,31,32,33,34,35,36,37,38,39,40,41,42,43,44,45,46,47,48,49,50,51,52,53,54,55,56,57,58,59,60,61,62,63
Nthreads: 64  Runtime(sec): 10  ListSize: 8192  Workload: 20/40/40  Throughput(Kops/sec): 897.02
MT_CONF=0,1,2,3,4,5,6,7,8,9,10,11,12,13,14,15,16,17,18,19,20,21,22,23,24,25,26,27,28,29,30,31,32,33,34,35,36,37,38,39,40,41,42,43,44,45,46,47,48,49,50,51,52,53,54,55,56,57,58,59,60,61,62,63
Nthreads: 64  Runtime(sec): 10  ListSize: 1024  Workload: 0/50/50  Throughput(Kops/sec): 5440.85
MT_CONF=0,1,2,3,4,5,6,7,8,9,10,11,12,13,14,15,16,17,18,19,20,21,22,23,24,25,26,27,28,29,30,31,32,33,34,35,36,37,38,39,40,41,42,43,44,45,46,47,48,49,50,51,52,53,54,55,56,57,58,59,60,61,62,63
Nthreads: 64  Runtime(sec): 10  ListSize: 8192  Workload: 0/50/50  Throughput(Kops/sec): 888.70
MT_CONF=0,1,2,3,4,5,6,7,8,9,10,11,12,13,14,15,16,17,18,19,20,21,22,23,24,25,26,27,28,29,30,31,32,33,34,35,36,37,38,39,40,41,42,43,44,45,46,47,48,49,50,51,52,53,54,55,56,57,58,59,60,61,62,63,0,1,2,3,4,5,6,7,8,9,10,11,12,13,14,15,16,17,18,19,20,21,22,23,24,25,26,27,28,29,30,31,32,33,34,35,36,37,38,39,40,41,42,43,44,45,46,47,48,49,50,51,52,53,54,55,56,57,58,59,60,61,62,63
Nthreads: 128  Runtime(sec): 10  ListSize: 1024  Workload: 100/0/0  Throughput(Kops/sec): 83303.25
MT_CONF=0,1,2,3,4,5,6,7,8,9,10,11,12,13,14,15,16,17,18,19,20,21,22,23,24,25,26,27,28,29,30,31,32,33,34,35,36,37,38,39,40,41,42,43,44,45,46,47,48,49,50,51,52,53,54,55,56,57,58,59,60,61,62,63,0,1,2,3,4,5,6,7,8,9,10,11,12,13,14,15,16,17,18,19,20,21,22,23,24,25,26,27,28,29,30,31,32,33,34,35,36,37,38,39,40,41,42,43,44,45,46,47,48,49,50,51,52,53,54,55,56,57,58,59,60,61,62,63
Nthreads: 128  Runtime(sec): 10  ListSize: 8192  Workload: 100/0/0  Throughput(Kops/sec): 8237.36
MT_CONF=0,1,2,3,4,5,6,7,8,9,10,11,12,13,14,15,16,17,18,19,20,21,22,23,24,25,26,27,28,29,30,31,32,33,34,35,36,37,38,39,40,41,42,43,44,45,46,47,48,49,50,51,52,53,54,55,56,57,58,59,60,61,62,63,0,1,2,3,4,5,6,7,8,9,10,11,12,13,14,15,16,17,18,19,20,21,22,23,24,25,26,27,28,29,30,31,32,33,34,35,36,37,38,39,40,41,42,43,44,45,46,47,48,49,50,51,52,53,54,55,56,57,58,59,60,61,62,63
Nthreads: 128  Runtime(sec): 10  ListSize: 1024  Workload: 80/10/10  Throughput(Kops/sec): 1272.51
MT_CONF=0,1,2,3,4,5,6,7,8,9,10,11,12,13,14,15,16,17,18,19,20,21,22,23,24,25,26,27,28,29,30,31,32,33,34,35,36,37,38,39,40,41,42,43,44,45,46,47,48,49,50,51,52,53,54,55,56,57,58,59,60,61,62,63,0,1,2,3,4,5,6,7,8,9,10,11,12,13,14,15,16,17,18,19,20,21,22,23,24,25,26,27,28,29,30,31,32,33,34,35,36,37,38,39,40,41,42,43,44,45,46,47,48,49,50,51,52,53,54,55,56,57,58,59,60,61,62,63
Nthreads: 128  Runtime(sec): 10  ListSize: 8192  Workload: 80/10/10  Throughput(Kops/sec): 589.76
MT_CONF=0,1,2,3,4,5,6,7,8,9,10,11,12,13,14,15,16,17,18,19,20,21,22,23,24,25,26,27,28,29,30,31,32,33,34,35,36,37,38,39,40,41,42,43,44,45,46,47,48,49,50,51,52,53,54,55,56,57,58,59,60,61,62,63,0,1,2,3,4,5,6,7,8,9,10,11,12,13,14,15,16,17,18,19,20,21,22,23,24,25,26,27,28,29,30,31,32,33,34,35,36,37,38,39,40,41,42,43,44,45,46,47,48,49,50,51,52,53,54,55,56,57,58,59,60,61,62,63
Nthreads: 128  Runtime(sec): 10  ListSize: 1024  Workload: 20/40/40  Throughput(Kops/sec): 346.92
MT_CONF=0,1,2,3,4,5,6,7,8,9,10,11,12,13,14,15,16,17,18,19,20,21,22,23,24,25,26,27,28,29,30,31,32,33,34,35,36,37,38,39,40,41,42,43,44,45,46,47,48,49,50,51,52,53,54,55,56,57,58,59,60,61,62,63,0,1,2,3,4,5,6,7,8,9,10,11,12,13,14,15,16,17,18,19,20,21,22,23,24,25,26,27,28,29,30,31,32,33,34,35,36,37,38,39,40,41,42,43,44,45,46,47,48,49,50,51,52,53,54,55,56,57,58,59,60,61,62,63
Nthreads: 128  Runtime(sec): 10  ListSize: 8192  Workload: 20/40/40  Throughput(Kops/sec): 549.18
MT_CONF=0,1,2,3,4,5,6,7,8,9,10,11,12,13,14,15,16,17,18,19,20,21,22,23,24,25,26,27,28,29,30,31,32,33,34,35,36,37,38,39,40,41,42,43,44,45,46,47,48,49,50,51,52,53,54,55,56,57,58,59,60,61,62,63,0,1,2,3,4,5,6,7,8,9,10,11,12,13,14,15,16,17,18,19,20,21,22,23,24,25,26,27,28,29,30,31,32,33,34,35,36,37,38,39,40,41,42,43,44,45,46,47,48,49,50,51,52,53,54,55,56,57,58,59,60,61,62,63
Nthreads: 128  Runtime(sec): 10  ListSize: 1024  Workload: 0/50/50  Throughput(Kops/sec): 257.11
MT_CONF=0,1,2,3,4,5,6,7,8,9,10,11,12,13,14,15,16,17,18,19,20,21,22,23,24,25,26,27,28,29,30,31,32,33,34,35,36,37,38,39,40,41,42,43,44,45,46,47,48,49,50,51,52,53,54,55,56,57,58,59,60,61,62,63,0,1,2,3,4,5,6,7,8,9,10,11,12,13,14,15,16,17,18,19,20,21,22,23,24,25,26,27,28,29,30,31,32,33,34,35,36,37,38,39,40,41,42,43,44,45,46,47,48,49,50,51,52,53,54,55,56,57,58,59,60,61,62,63
Nthreads: 128  Runtime(sec): 10  ListSize: 8192  Workload: 0/50/50  Throughput(Kops/sec): 498.27
