MT_CONF=0
Nthreads: 1  Runtime(sec): 10  ListSize: 1024  Workload: 100/0/0  Throughput(Kops/sec): 739.50
MT_CONF=0
Nthreads: 1  Runtime(sec): 10  ListSize: 8192  Workload: 100/0/0  Throughput(Kops/sec): 93.34
MT_CONF=0
Nthreads: 1  Runtime(sec): 10  ListSize: 1024  Workload: 80/10/10  Throughput(Kops/sec): 1050.92
MT_CONF=0
Nthreads: 1  Runtime(sec): 10  ListSize: 8192  Workload: 80/10/10  Throughput(Kops/sec): 62.98
MT_CONF=0
Nthreads: 1  Runtime(sec): 10  ListSize: 1024  Workload: 20/40/40  Throughput(Kops/sec): 997.91
MT_CONF=0
Nthreads: 1  Runtime(sec): 10  ListSize: 8192  Workload: 20/40/40  Throughput(Kops/sec): 60.83
MT_CONF=0
Nthreads: 1  Runtime(sec): 10  ListSize: 1024  Workload: 0/50/50  Throughput(Kops/sec): 985.07
MT_CONF=0
Nthreads: 1  Runtime(sec): 10  ListSize: 8192  Workload: 0/50/50  Throughput(Kops/sec): 60.86
MT_CONF=0,1
Nthreads: 2  Runtime(sec): 10  ListSize: 1024  Workload: 100/0/0  Throughput(Kops/sec): 1468.34
MT_CONF=0,1
Nthreads: 2  Runtime(sec): 10  ListSize: 8192  Workload: 100/0/0  Throughput(Kops/sec): 185.37
MT_CONF=0,1
Nthreads: 2  Runtime(sec): 10  ListSize: 1024  Workload: 80/10/10  Throughput(Kops/sec): 1405.49
MT_CONF=0,1
Nthreads: 2  Runtime(sec): 10  ListSize: 8192  Workload: 80/10/10  Throughput(Kops/sec): 123.53
MT_CONF=0,1
Nthreads: 2  Runtime(sec): 10  ListSize: 1024  Workload: 20/40/40  Throughput(Kops/sec): 1281.23
MT_CONF=0,1
Nthreads: 2  Runtime(sec): 10  ListSize: 8192  Workload: 20/40/40  Throughput(Kops/sec): 118.77
MT_CONF=0,1
Nthreads: 2  Runtime(sec): 10  ListSize: 1024  Workload: 0/50/50  Throughput(Kops/sec): 1253.96
MT_CONF=0,1
Nthreads: 2  Runtime(sec): 10  ListSize: 8192  Workload: 0/50/50  Throughput(Kops/sec): 119.19
MT_CONF=0,1,2,3
Nthreads: 4  Runtime(sec): 10  ListSize: 1024  Workload: 100/0/0  Throughput(Kops/sec): 2742.96
MT_CONF=0,1,2,3
Nthreads: 4  Runtime(sec): 10  ListSize: 8192  Workload: 100/0/0  Throughput(Kops/sec): 356.55
MT_CONF=0,1,2,3
Nthreads: 4  Runtime(sec): 10  ListSize: 1024  Workload: 80/10/10  Throughput(Kops/sec): 1369.08
MT_CONF=0,1,2,3
Nthreads: 4  Runtime(sec): 10  ListSize: 8192  Workload: 80/10/10  Throughput(Kops/sec): 229.69
MT_CONF=0,1,2,3
Nthreads: 4  Runtime(sec): 10  ListSize: 1024  Workload: 20/40/40  Throughput(Kops/sec): 1286.28
MT_CONF=0,1,2,3
Nthreads: 4  Runtime(sec): 10  ListSize: 8192  Workload: 20/40/40  Throughput(Kops/sec): 227.01
MT_CONF=0,1,2,3
Nthreads: 4  Runtime(sec): 10  ListSize: 1024  Workload: 0/50/50  Throughput(Kops/sec): 1264.71
MT_CONF=0,1,2,3
Nthreads: 4  Runtime(sec): 10  ListSize: 8192  Workload: 0/50/50  Throughput(Kops/sec): 225.68
MT_CONF=0,1,2,3,4,5,6,7
Nthreads: 8  Runtime(sec): 10  ListSize: 1024  Workload: 100/0/0  Throughput(Kops/sec): 5162.52
MT_CONF=0,1,2,3,4,5,6,7
Nthreads: 8  Runtime(sec): 10  ListSize: 8192  Workload: 100/0/0  Throughput(Kops/sec): 660.02
MT_CONF=0,1,2,3,4,5,6,7
Nthreads: 8  Runtime(sec): 10  ListSize: 1024  Workload: 80/10/10  Throughput(Kops/sec): 1916.20
MT_CONF=0,1,2,3,4,5,6,7
Nthreads: 8  Runtime(sec): 10  ListSize: 8192  Workload: 80/10/10  Throughput(Kops/sec): 326.07
MT_CONF=0,1,2,3,4,5,6,7
Nthreads: 8  Runtime(sec): 10  ListSize: 1024  Workload: 20/40/40  Throughput(Kops/sec): 1799.22
MT_CONF=0,1,2,3,4,5,6,7
Nthreads: 8  Runtime(sec): 10  ListSize: 8192  Workload: 20/40/40  Throughput(Kops/sec): 336.32
MT_CONF=0,1,2,3,4,5,6,7
Nthreads: 8  Runtime(sec): 10  ListSize: 1024  Workload: 0/50/50  Throughput(Kops/sec): 1767.91
MT_CONF=0,1,2,3,4,5,6,7
Nthreads: 8  Runtime(sec): 10  ListSize: 8192  Workload: 0/50/50  Throughput(Kops/sec): 337.01
MT_CONF=0,1,2,3,4,5,6,7,8,9,10,11,12,13,14,15
Nthreads: 16  Runtime(sec): 10  ListSize: 1024  Workload: 100/0/0  Throughput(Kops/sec): 8969.55
MT_CONF=0,1,2,3,4,5,6,7,8,9,10,11,12,13,14,15
Nthreads: 16  Runtime(sec): 10  ListSize: 8192  Workload: 100/0/0  Throughput(Kops/sec): 1317.95
MT_CONF=0,1,2,3,4,5,6,7,8,9,10,11,12,13,14,15
Nthreads: 16  Runtime(sec): 10  ListSize: 1024  Workload: 80/10/10  Throughput(Kops/sec): 1487.97
MT_CONF=0,1,2,3,4,5,6,7,8,9,10,11,12,13,14,15
Nthreads: 16  Runtime(sec): 10  ListSize: 8192  Workload: 80/10/10  Throughput(Kops/sec): 492.09
MT_CONF=0,1,2,3,4,5,6,7,8,9,10,11,12,13,14,15
Nthreads: 16  Runtime(sec): 10  ListSize: 1024  Workload: 20/40/40  Throughput(Kops/sec): 1271.28
MT_CONF=0,1,2,3,4,5,6,7,8,9,10,11,12,13,14,15
Nthreads: 16  Runtime(sec): 10  ListSize: 8192  Workload: 20/40/40  Throughput(Kops/sec): 519.80
MT_CONF=0,1,2,3,4,5,6,7,8,9,10,11,12,13,14,15
Nthreads: 16  Runtime(sec): 10  ListSize: 1024  Workload: 0/50/50  Throughput(Kops/sec): 1231.89
MT_CONF=0,1,2,3,4,5,6,7,8,9,10,11,12,13,14,15
Nthreads: 16  Runtime(sec): 10  ListSize: 8192  Workload: 0/50/50  Throughput(Kops/sec): 485.11
MT_CONF=0,1,2,3,4,5,6,7,8,9,10,11,12,13,14,15,16,17,18,19,20,21,22,23,24,25,26,27,28,29,30,31
Nthreads: 32  Runtime(sec): 10  ListSize: 1024  Workload: 100/0/0  Throughput(Kops/sec): 10794.34
MT_CONF=0,1,2,3,4,5,6,7,8,9,10,11,12,13,14,15,16,17,18,19,20,21,22,23,24,25,26,27,28,29,30,31
Nthreads: 32  Runtime(sec): 10  ListSize: 8192  Workload: 100/0/0  Throughput(Kops/sec): 2633.85
MT_CONF=0,1,2,3,4,5,6,7,8,9,10,11,12,13,14,15,16,17,18,19,20,21,22,23,24,25,26,27,28,29,30,31
Nthreads: 32  Runtime(sec): 10  ListSize: 1024  Workload: 80/10/10  Throughput(Kops/sec): 6163.31
MT_CONF=0,1,2,3,4,5,6,7,8,9,10,11,12,13,14,15,16,17,18,19,20,21,22,23,24,25,26,27,28,29,30,31
Nthreads: 32  Runtime(sec): 10  ListSize: 8192  Workload: 80/10/10  Throughput(Kops/sec): 852.35
MT_CONF=0,1,2,3,4,5,6,7,8,9,10,11,12,13,14,15,16,17,18,19,20,21,22,23,24,25,26,27,28,29,30,31
Nthreads: 32  Runtime(sec): 10  ListSize: 1024  Workload: 20/40/40  Throughput(Kops/sec): 4734.46
MT_CONF=0,1,2,3,4,5,6,7,8,9,10,11,12,13,14,15,16,17,18,19,20,21,22,23,24,25,26,27,28,29,30,31
Nthreads: 32  Runtime(sec): 10  ListSize: 8192  Workload: 20/40/40  Throughput(Kops/sec): 852.28
MT_CONF=0,1,2,3,4,5,6,7,8,9,10,11,12,13,14,15,16,17,18,19,20,21,22,23,24,25,26,27,28,29,30,31
Nthreads: 32  Runtime(sec): 10  ListSize: 1024  Workload: 0/50/50  Throughput(Kops/sec): 4475.00
MT_CONF=0,1,2,3,4,5,6,7,8,9,10,11,12,13,14,15,16,17,18,19,20,21,22,23,24,25,26,27,28,29,30,31
Nthreads: 32  Runtime(sec): 10  ListSize: 8192  Workload: 0/50/50  Throughput(Kops/sec): 810.52
MT_CONF=0,1,2,3,4,5,6,7,8,9,10,11,12,13,14,15,16,17,18,19,20,21,22,23,24,25,26,27,28,29,30,31,32,33,34,35,36,37,38,39,40,41,42,43,44,45,46,47,48,49,50,51,52,53,54,55,56,57,58,59,60,61,62,63
Nthreads: 64  Runtime(sec): 10  ListSize: 1024  Workload: 100/0/0  Throughput(Kops/sec): 30009.59
MT_CONF=0,1,2,3,4,5,6,7,8,9,10,11,12,13,14,15,16,17,18,19,20,21,22,23,24,25,26,27,28,29,30,31,32,33,34,35,36,37,38,39,40,41,42,43,44,45,46,47,48,49,50,51,52,53,54,55,56,57,58,59,60,61,62,63
Nthreads: 64  Runtime(sec): 10  ListSize: 8192  Workload: 100/0/0  Throughput(Kops/sec): 4969.66
MT_CONF=0,1,2,3,4,5,6,7,8,9,10,11,12,13,14,15,16,17,18,19,20,21,22,23,24,25,26,27,28,29,30,31,32,33,34,35,36,37,38,39,40,41,42,43,44,45,46,47,48,49,50,51,52,53,54,55,56,57,58,59,60,61,62,63
Nthreads: 64  Runtime(sec): 10  ListSize: 1024  Workload: 80/10/10  Throughput(Kops/sec): 9215.05
MT_CONF=0,1,2,3,4,5,6,7,8,9,10,11,12,13,14,15,16,17,18,19,20,21,22,23,24,25,26,27,28,29,30,31,32,33,34,35,36,37,38,39,40,41,42,43,44,45,46,47,48,49,50,51,52,53,54,55,56,57,58,59,60,61,62,63
Nthreads: 64  Runtime(sec): 10  ListSize: 8192  Workload: 80/10/10  Throughput(Kops/sec): 856.44
MT_CONF=0,1,2,3,4,5,6,7,8,9,10,11,12,13,14,15,16,17,18,19,20,21,22,23,24,25,26,27,28,29,30,31,32,33,34,35,36,37,38,39,40,41,42,43,44,45,46,47,48,49,50,51,52,53,54,55,56,57,58,59,60,61,62,63
Nthreads: 64  Runtime(sec): 10  ListSize: 1024  Workload: 20/40/40  Throughput(Kops/sec): 8276.53
MT_CONF=0,1,2,3,4,5,6,7,8,9,10,11,12,13,14,15,16,17,18,19,20,21,22,23,24,25,26,27,28,29,30,31,32,33,34,35,36,37,38,39,40,41,42,43,44,45,46,47,48,49,50,51,52,53,54,55,56,57,58,59,60,61,62,63
Nthreads: 64  Runtime(sec): 10  ListSize: 8192  Workload: 20/40/40  Throughput(Kops/sec): 985.82
MT_CONF=0,1,2,3,4,5,6,7,8,9,10,11,12,13,14,15,16,17,18,19,20,21,22,23,24,25,26,27,28,29,30,31,32,33,34,35,36,37,38,39,40,41,42,43,44,45,46,47,48,49,50,51,52,53,54,55,56,57,58,59,60,61,62,63
Nthreads: 64  Runtime(sec): 10  ListSize: 1024  Workload: 0/50/50  Throughput(Kops/sec): 7677.12
MT_CONF=0,1,2,3,4,5,6,7,8,9,10,11,12,13,14,15,16,17,18,19,20,21,22,23,24,25,26,27,28,29,30,31,32,33,34,35,36,37,38,39,40,41,42,43,44,45,46,47,48,49,50,51,52,53,54,55,56,57,58,59,60,61,62,63
Nthreads: 64  Runtime(sec): 10  ListSize: 8192  Workload: 0/50/50  Throughput(Kops/sec): 972.63
MT_CONF=0,1,2,3,4,5,6,7,8,9,10,11,12,13,14,15,16,17,18,19,20,21,22,23,24,25,26,27,28,29,30,31,32,33,34,35,36,37,38,39,40,41,42,43,44,45,46,47,48,49,50,51,52,53,54,55,56,57,58,59,60,61,62,63,0,1,2,3,4,5,6,7,8,9,10,11,12,13,14,15,16,17,18,19,20,21,22,23,24,25,26,27,28,29,30,31,32,33,34,35,36,37,38,39,40,41,42,43,44,45,46,47,48,49,50,51,52,53,54,55,56,57,58,59,60,61,62,63
Nthreads: 128  Runtime(sec): 10  ListSize: 1024  Workload: 100/0/0  Throughput(Kops/sec): 9051.43
MT_CONF=0,1,2,3,4,5,6,7,8,9,10,11,12,13,14,15,16,17,18,19,20,21,22,23,24,25,26,27,28,29,30,31,32,33,34,35,36,37,38,39,40,41,42,43,44,45,46,47,48,49,50,51,52,53,54,55,56,57,58,59,60,61,62,63,0,1,2,3,4,5,6,7,8,9,10,11,12,13,14,15,16,17,18,19,20,21,22,23,24,25,26,27,28,29,30,31,32,33,34,35,36,37,38,39,40,41,42,43,44,45,46,47,48,49,50,51,52,53,54,55,56,57,58,59,60,61,62,63
Nthreads: 128  Runtime(sec): 10  ListSize: 8192  Workload: 100/0/0  Throughput(Kops/sec): 5001.22
MT_CONF=0,1,2,3,4,5,6,7,8,9,10,11,12,13,14,15,16,17,18,19,20,21,22,23,24,25,26,27,28,29,30,31,32,33,34,35,36,37,38,39,40,41,42,43,44,45,46,47,48,49,50,51,52,53,54,55,56,57,58,59,60,61,62,63,0,1,2,3,4,5,6,7,8,9,10,11,12,13,14,15,16,17,18,19,20,21,22,23,24,25,26,27,28,29,30,31,32,33,34,35,36,37,38,39,40,41,42,43,44,45,46,47,48,49,50,51,52,53,54,55,56,57,58,59,60,61,62,63
Nthreads: 128  Runtime(sec): 10  ListSize: 1024  Workload: 80/10/10  Throughput(Kops/sec): 6689.38
MT_CONF=0,1,2,3,4,5,6,7,8,9,10,11,12,13,14,15,16,17,18,19,20,21,22,23,24,25,26,27,28,29,30,31,32,33,34,35,36,37,38,39,40,41,42,43,44,45,46,47,48,49,50,51,52,53,54,55,56,57,58,59,60,61,62,63,0,1,2,3,4,5,6,7,8,9,10,11,12,13,14,15,16,17,18,19,20,21,22,23,24,25,26,27,28,29,30,31,32,33,34,35,36,37,38,39,40,41,42,43,44,45,46,47,48,49,50,51,52,53,54,55,56,57,58,59,60,61,62,63
Nthreads: 128  Runtime(sec): 10  ListSize: 8192  Workload: 80/10/10  Throughput(Kops/sec): 570.52
MT_CONF=0,1,2,3,4,5,6,7,8,9,10,11,12,13,14,15,16,17,18,19,20,21,22,23,24,25,26,27,28,29,30,31,32,33,34,35,36,37,38,39,40,41,42,43,44,45,46,47,48,49,50,51,52,53,54,55,56,57,58,59,60,61,62,63,0,1,2,3,4,5,6,7,8,9,10,11,12,13,14,15,16,17,18,19,20,21,22,23,24,25,26,27,28,29,30,31,32,33,34,35,36,37,38,39,40,41,42,43,44,45,46,47,48,49,50,51,52,53,54,55,56,57,58,59,60,61,62,63
Nthreads: 128  Runtime(sec): 10  ListSize: 1024  Workload: 20/40/40  Throughput(Kops/sec): 4961.75
MT_CONF=0,1,2,3,4,5,6,7,8,9,10,11,12,13,14,15,16,17,18,19,20,21,22,23,24,25,26,27,28,29,30,31,32,33,34,35,36,37,38,39,40,41,42,43,44,45,46,47,48,49,50,51,52,53,54,55,56,57,58,59,60,61,62,63,0,1,2,3,4,5,6,7,8,9,10,11,12,13,14,15,16,17,18,19,20,21,22,23,24,25,26,27,28,29,30,31,32,33,34,35,36,37,38,39,40,41,42,43,44,45,46,47,48,49,50,51,52,53,54,55,56,57,58,59,60,61,62,63
Nthreads: 128  Runtime(sec): 10  ListSize: 8192  Workload: 20/40/40  Throughput(Kops/sec): 613.63
MT_CONF=0,1,2,3,4,5,6,7,8,9,10,11,12,13,14,15,16,17,18,19,20,21,22,23,24,25,26,27,28,29,30,31,32,33,34,35,36,37,38,39,40,41,42,43,44,45,46,47,48,49,50,51,52,53,54,55,56,57,58,59,60,61,62,63,0,1,2,3,4,5,6,7,8,9,10,11,12,13,14,15,16,17,18,19,20,21,22,23,24,25,26,27,28,29,30,31,32,33,34,35,36,37,38,39,40,41,42,43,44,45,46,47,48,49,50,51,52,53,54,55,56,57,58,59,60,61,62,63
Nthreads: 128  Runtime(sec): 10  ListSize: 1024  Workload: 0/50/50  Throughput(Kops/sec): 4334.22
MT_CONF=0,1,2,3,4,5,6,7,8,9,10,11,12,13,14,15,16,17,18,19,20,21,22,23,24,25,26,27,28,29,30,31,32,33,34,35,36,37,38,39,40,41,42,43,44,45,46,47,48,49,50,51,52,53,54,55,56,57,58,59,60,61,62,63,0,1,2,3,4,5,6,7,8,9,10,11,12,13,14,15,16,17,18,19,20,21,22,23,24,25,26,27,28,29,30,31,32,33,34,35,36,37,38,39,40,41,42,43,44,45,46,47,48,49,50,51,52,53,54,55,56,57,58,59,60,61,62,63
Nthreads: 128  Runtime(sec): 10  ListSize: 8192  Workload: 0/50/50  Throughput(Kops/sec): 628.59
