MT_CONF=0
Nthreads: 1  Runtime(sec): 10  ListSize: 1024  Workload: 100/0/0  Throughput(Kops/sec): 645.29
MT_CONF=0
Nthreads: 1  Runtime(sec): 10  ListSize: 8192  Workload: 100/0/0  Throughput(Kops/sec): 71.91
MT_CONF=0
Nthreads: 1  Runtime(sec): 10  ListSize: 1024  Workload: 80/10/10  Throughput(Kops/sec): 901.41
MT_CONF=0
Nthreads: 1  Runtime(sec): 10  ListSize: 8192  Workload: 80/10/10  Throughput(Kops/sec): 31.40
MT_CONF=0
Nthreads: 1  Runtime(sec): 10  ListSize: 1024  Workload: 20/40/40  Throughput(Kops/sec): 879.32
MT_CONF=0
Nthreads: 1  Runtime(sec): 10  ListSize: 8192  Workload: 20/40/40  Throughput(Kops/sec): 30.65
MT_CONF=0
Nthreads: 1  Runtime(sec): 10  ListSize: 1024  Workload: 0/50/50  Throughput(Kops/sec): 880.24
MT_CONF=0
Nthreads: 1  Runtime(sec): 10  ListSize: 8192  Workload: 0/50/50  Throughput(Kops/sec): 30.92
MT_CONF=0,1
Nthreads: 2  Runtime(sec): 10  ListSize: 1024  Workload: 100/0/0  Throughput(Kops/sec): 680.79
MT_CONF=0,1
Nthreads: 2  Runtime(sec): 10  ListSize: 8192  Workload: 100/0/0  Throughput(Kops/sec): 96.92
MT_CONF=0,1
Nthreads: 2  Runtime(sec): 10  ListSize: 1024  Workload: 80/10/10  Throughput(Kops/sec): 804.44
MT_CONF=0,1
Nthreads: 2  Runtime(sec): 10  ListSize: 8192  Workload: 80/10/10  Throughput(Kops/sec): 60.93
MT_CONF=0,1
Nthreads: 2  Runtime(sec): 10  ListSize: 1024  Workload: 20/40/40  Throughput(Kops/sec): 808.38
MT_CONF=0,1
Nthreads: 2  Runtime(sec): 10  ListSize: 8192  Workload: 20/40/40  Throughput(Kops/sec): 59.08
MT_CONF=0,1
Nthreads: 2  Runtime(sec): 10  ListSize: 1024  Workload: 0/50/50  Throughput(Kops/sec): 809.18
MT_CONF=0,1
Nthreads: 2  Runtime(sec): 10  ListSize: 8192  Workload: 0/50/50  Throughput(Kops/sec): 59.30
MT_CONF=0,1,2,3
Nthreads: 4  Runtime(sec): 10  ListSize: 1024  Workload: 100/0/0  Throughput(Kops/sec): 770.04
MT_CONF=0,1,2,3
Nthreads: 4  Runtime(sec): 10  ListSize: 8192  Workload: 100/0/0  Throughput(Kops/sec): 134.68
MT_CONF=0,1,2,3
Nthreads: 4  Runtime(sec): 10  ListSize: 1024  Workload: 80/10/10  Throughput(Kops/sec): 643.19
MT_CONF=0,1,2,3
Nthreads: 4  Runtime(sec): 10  ListSize: 8192  Workload: 80/10/10  Throughput(Kops/sec): 113.01
MT_CONF=0,1,2,3
Nthreads: 4  Runtime(sec): 10  ListSize: 1024  Workload: 20/40/40  Throughput(Kops/sec): 660.46
MT_CONF=0,1,2,3
Nthreads: 4  Runtime(sec): 10  ListSize: 8192  Workload: 20/40/40  Throughput(Kops/sec): 110.72
MT_CONF=0,1,2,3
Nthreads: 4  Runtime(sec): 10  ListSize: 1024  Workload: 0/50/50  Throughput(Kops/sec): 663.43
MT_CONF=0,1,2,3
Nthreads: 4  Runtime(sec): 10  ListSize: 8192  Workload: 0/50/50  Throughput(Kops/sec): 110.27
MT_CONF=0,1,2,3,4,5,6,7
Nthreads: 8  Runtime(sec): 10  ListSize: 1024  Workload: 100/0/0  Throughput(Kops/sec): 675.07
MT_CONF=0,1,2,3,4,5,6,7
Nthreads: 8  Runtime(sec): 10  ListSize: 8192  Workload: 100/0/0  Throughput(Kops/sec): 135.58
MT_CONF=0,1,2,3,4,5,6,7
Nthreads: 8  Runtime(sec): 10  ListSize: 1024  Workload: 80/10/10  Throughput(Kops/sec): 813.31
MT_CONF=0,1,2,3,4,5,6,7
Nthreads: 8  Runtime(sec): 10  ListSize: 8192  Workload: 80/10/10  Throughput(Kops/sec): 159.38
MT_CONF=0,1,2,3,4,5,6,7
Nthreads: 8  Runtime(sec): 10  ListSize: 1024  Workload: 20/40/40  Throughput(Kops/sec): 863.63
MT_CONF=0,1,2,3,4,5,6,7
Nthreads: 8  Runtime(sec): 10  ListSize: 8192  Workload: 20/40/40  Throughput(Kops/sec): 163.34
MT_CONF=0,1,2,3,4,5,6,7
Nthreads: 8  Runtime(sec): 10  ListSize: 1024  Workload: 0/50/50  Throughput(Kops/sec): 864.90
MT_CONF=0,1,2,3,4,5,6,7
Nthreads: 8  Runtime(sec): 10  ListSize: 8192  Workload: 0/50/50  Throughput(Kops/sec): 162.43
MT_CONF=0,1,2,3,4,5,6,7,8,9,10,11,12,13,14,15
Nthreads: 16  Runtime(sec): 10  ListSize: 1024  Workload: 100/0/0  Throughput(Kops/sec): 329.89
MT_CONF=0,1,2,3,4,5,6,7,8,9,10,11,12,13,14,15
Nthreads: 16  Runtime(sec): 10  ListSize: 8192  Workload: 100/0/0  Throughput(Kops/sec): 102.73
MT_CONF=0,1,2,3,4,5,6,7,8,9,10,11,12,13,14,15
Nthreads: 16  Runtime(sec): 10  ListSize: 1024  Workload: 80/10/10  Throughput(Kops/sec): 502.43
MT_CONF=0,1,2,3,4,5,6,7,8,9,10,11,12,13,14,15
Nthreads: 16  Runtime(sec): 10  ListSize: 8192  Workload: 80/10/10  Throughput(Kops/sec): 230.04
MT_CONF=0,1,2,3,4,5,6,7,8,9,10,11,12,13,14,15
Nthreads: 16  Runtime(sec): 10  ListSize: 1024  Workload: 20/40/40  Throughput(Kops/sec): 546.96
MT_CONF=0,1,2,3,4,5,6,7,8,9,10,11,12,13,14,15
Nthreads: 16  Runtime(sec): 10  ListSize: 8192  Workload: 20/40/40  Throughput(Kops/sec): 237.32
MT_CONF=0,1,2,3,4,5,6,7,8,9,10,11,12,13,14,15
Nthreads: 16  Runtime(sec): 10  ListSize: 1024  Workload: 0/50/50  Throughput(Kops/sec): 541.92
MT_CONF=0,1,2,3,4,5,6,7,8,9,10,11,12,13,14,15
Nthreads: 16  Runtime(sec): 10  ListSize: 8192  Workload: 0/50/50  Throughput(Kops/sec): 234.96
MT_CONF=0,1,2,3,4,5,6,7,8,9,10,11,12,13,14,15,16,17,18,19,20,21,22,23,24,25,26,27,28,29,30,31
Nthreads: 32  Runtime(sec): 10  ListSize: 1024  Workload: 100/0/0  Throughput(Kops/sec): 162.86
MT_CONF=0,1,2,3,4,5,6,7,8,9,10,11,12,13,14,15,16,17,18,19,20,21,22,23,24,25,26,27,28,29,30,31
Nthreads: 32  Runtime(sec): 10  ListSize: 8192  Workload: 100/0/0  Throughput(Kops/sec): 84.67
MT_CONF=0,1,2,3,4,5,6,7,8,9,10,11,12,13,14,15,16,17,18,19,20,21,22,23,24,25,26,27,28,29,30,31
Nthreads: 32  Runtime(sec): 10  ListSize: 1024  Workload: 80/10/10  Throughput(Kops/sec): 1596.11
MT_CONF=0,1,2,3,4,5,6,7,8,9,10,11,12,13,14,15,16,17,18,19,20,21,22,23,24,25,26,27,28,29,30,31
Nthreads: 32  Runtime(sec): 10  ListSize: 8192  Workload: 80/10/10  Throughput(Kops/sec): 377.03
MT_CONF=0,1,2,3,4,5,6,7,8,9,10,11,12,13,14,15,16,17,18,19,20,21,22,23,24,25,26,27,28,29,30,31
Nthreads: 32  Runtime(sec): 10  ListSize: 1024  Workload: 20/40/40  Throughput(Kops/sec): 1654.27
MT_CONF=0,1,2,3,4,5,6,7,8,9,10,11,12,13,14,15,16,17,18,19,20,21,22,23,24,25,26,27,28,29,30,31
Nthreads: 32  Runtime(sec): 10  ListSize: 8192  Workload: 20/40/40  Throughput(Kops/sec): 376.77
MT_CONF=0,1,2,3,4,5,6,7,8,9,10,11,12,13,14,15,16,17,18,19,20,21,22,23,24,25,26,27,28,29,30,31
Nthreads: 32  Runtime(sec): 10  ListSize: 1024  Workload: 0/50/50  Throughput(Kops/sec): 1692.05
MT_CONF=0,1,2,3,4,5,6,7,8,9,10,11,12,13,14,15,16,17,18,19,20,21,22,23,24,25,26,27,28,29,30,31
Nthreads: 32  Runtime(sec): 10  ListSize: 8192  Workload: 0/50/50  Throughput(Kops/sec): 373.10
MT_CONF=0,1,2,3,4,5,6,7,8,9,10,11,12,13,14,15,16,17,18,19,20,21,22,23,24,25,26,27,28,29,30,31,0,1,2,3,4,5,6,7,8,9,10,11,12,13,14,15,16,17,18,19,20,21,22,23,24,25,26,27,28,29,30,31
Nthreads: 64  Runtime(sec): 10  ListSize: 1024  Workload: 100/0/0  Throughput(Kops/sec): 102.09
MT_CONF=0,1,2,3,4,5,6,7,8,9,10,11,12,13,14,15,16,17,18,19,20,21,22,23,24,25,26,27,28,29,30,31,0,1,2,3,4,5,6,7,8,9,10,11,12,13,14,15,16,17,18,19,20,21,22,23,24,25,26,27,28,29,30,31
Nthreads: 64  Runtime(sec): 10  ListSize: 8192  Workload: 100/0/0  Throughput(Kops/sec): 44.01
MT_CONF=0,1,2,3,4,5,6,7,8,9,10,11,12,13,14,15,16,17,18,19,20,21,22,23,24,25,26,27,28,29,30,31,0,1,2,3,4,5,6,7,8,9,10,11,12,13,14,15,16,17,18,19,20,21,22,23,24,25,26,27,28,29,30,31
Nthreads: 64  Runtime(sec): 10  ListSize: 1024  Workload: 80/10/10  Throughput(Kops/sec): 223.01
MT_CONF=0,1,2,3,4,5,6,7,8,9,10,11,12,13,14,15,16,17,18,19,20,21,22,23,24,25,26,27,28,29,30,31,0,1,2,3,4,5,6,7,8,9,10,11,12,13,14,15,16,17,18,19,20,21,22,23,24,25,26,27,28,29,30,31
Nthreads: 64  Runtime(sec): 10  ListSize: 8192  Workload: 80/10/10  Throughput(Kops/sec): 226.37
MT_CONF=0,1,2,3,4,5,6,7,8,9,10,11,12,13,14,15,16,17,18,19,20,21,22,23,24,25,26,27,28,29,30,31,0,1,2,3,4,5,6,7,8,9,10,11,12,13,14,15,16,17,18,19,20,21,22,23,24,25,26,27,28,29,30,31
Nthreads: 64  Runtime(sec): 10  ListSize: 1024  Workload: 20/40/40  Throughput(Kops/sec): 197.32
MT_CONF=0,1,2,3,4,5,6,7,8,9,10,11,12,13,14,15,16,17,18,19,20,21,22,23,24,25,26,27,28,29,30,31,0,1,2,3,4,5,6,7,8,9,10,11,12,13,14,15,16,17,18,19,20,21,22,23,24,25,26,27,28,29,30,31
Nthreads: 64  Runtime(sec): 10  ListSize: 8192  Workload: 20/40/40  Throughput(Kops/sec): 222.27
MT_CONF=0,1,2,3,4,5,6,7,8,9,10,11,12,13,14,15,16,17,18,19,20,21,22,23,24,25,26,27,28,29,30,31,0,1,2,3,4,5,6,7,8,9,10,11,12,13,14,15,16,17,18,19,20,21,22,23,24,25,26,27,28,29,30,31
Nthreads: 64  Runtime(sec): 10  ListSize: 1024  Workload: 0/50/50  Throughput(Kops/sec): 175.56
MT_CONF=0,1,2,3,4,5,6,7,8,9,10,11,12,13,14,15,16,17,18,19,20,21,22,23,24,25,26,27,28,29,30,31,0,1,2,3,4,5,6,7,8,9,10,11,12,13,14,15,16,17,18,19,20,21,22,23,24,25,26,27,28,29,30,31
Nthreads: 64  Runtime(sec): 10  ListSize: 8192  Workload: 0/50/50  Throughput(Kops/sec): 245.28
MT_CONF=0,1,2,3,4,5,6,7,8,9,10,11,12,13,14,15,16,17,18,19,20,21,22,23,24,25,26,27,28,29,30,31,0,1,2,3,4,5,6,7,8,9,10,11,12,13,14,15,16,17,18,19,20,21,22,23,24,25,26,27,28,29,30,31,0,1,2,3,4,5,6,7,8,9,10,11,12,13,14,15,16,17,18,19,20,21,22,23,24,25,26,27,28,29,30,31,0,1,2,3,4,5,6,7,8,9,10,11,12,13,14,15,16,17,18,19,20,21,22,23,24,25,26,27,28,29,30,31
Nthreads: 128  Runtime(sec): 10  ListSize: 1024  Workload: 100/0/0  Throughput(Kops/sec): 50.39
MT_CONF=0,1,2,3,4,5,6,7,8,9,10,11,12,13,14,15,16,17,18,19,20,21,22,23,24,25,26,27,28,29,30,31,0,1,2,3,4,5,6,7,8,9,10,11,12,13,14,15,16,17,18,19,20,21,22,23,24,25,26,27,28,29,30,31,0,1,2,3,4,5,6,7,8,9,10,11,12,13,14,15,16,17,18,19,20,21,22,23,24,25,26,27,28,29,30,31,0,1,2,3,4,5,6,7,8,9,10,11,12,13,14,15,16,17,18,19,20,21,22,23,24,25,26,27,28,29,30,31
Nthreads: 128  Runtime(sec): 10  ListSize: 8192  Workload: 100/0/0  Throughput(Kops/sec): 21.67
MT_CONF=0,1,2,3,4,5,6,7,8,9,10,11,12,13,14,15,16,17,18,19,20,21,22,23,24,25,26,27,28,29,30,31,0,1,2,3,4,5,6,7,8,9,10,11,12,13,14,15,16,17,18,19,20,21,22,23,24,25,26,27,28,29,30,31,0,1,2,3,4,5,6,7,8,9,10,11,12,13,14,15,16,17,18,19,20,21,22,23,24,25,26,27,28,29,30,31,0,1,2,3,4,5,6,7,8,9,10,11,12,13,14,15,16,17,18,19,20,21,22,23,24,25,26,27,28,29,30,31
Nthreads: 128  Runtime(sec): 10  ListSize: 1024  Workload: 80/10/10  Throughput(Kops/sec): 92.66
MT_CONF=0,1,2,3,4,5,6,7,8,9,10,11,12,13,14,15,16,17,18,19,20,21,22,23,24,25,26,27,28,29,30,31,0,1,2,3,4,5,6,7,8,9,10,11,12,13,14,15,16,17,18,19,20,21,22,23,24,25,26,27,28,29,30,31,0,1,2,3,4,5,6,7,8,9,10,11,12,13,14,15,16,17,18,19,20,21,22,23,24,25,26,27,28,29,30,31,0,1,2,3,4,5,6,7,8,9,10,11,12,13,14,15,16,17,18,19,20,21,22,23,24,25,26,27,28,29,30,31
Nthreads: 128  Runtime(sec): 10  ListSize: 8192  Workload: 80/10/10  Throughput(Kops/sec): 130.69
MT_CONF=0,1,2,3,4,5,6,7,8,9,10,11,12,13,14,15,16,17,18,19,20,21,22,23,24,25,26,27,28,29,30,31,0,1,2,3,4,5,6,7,8,9,10,11,12,13,14,15,16,17,18,19,20,21,22,23,24,25,26,27,28,29,30,31,0,1,2,3,4,5,6,7,8,9,10,11,12,13,14,15,16,17,18,19,20,21,22,23,24,25,26,27,28,29,30,31,0,1,2,3,4,5,6,7,8,9,10,11,12,13,14,15,16,17,18,19,20,21,22,23,24,25,26,27,28,29,30,31
Nthreads: 128  Runtime(sec): 10  ListSize: 1024  Workload: 20/40/40  Throughput(Kops/sec): 82.42
MT_CONF=0,1,2,3,4,5,6,7,8,9,10,11,12,13,14,15,16,17,18,19,20,21,22,23,24,25,26,27,28,29,30,31,0,1,2,3,4,5,6,7,8,9,10,11,12,13,14,15,16,17,18,19,20,21,22,23,24,25,26,27,28,29,30,31,0,1,2,3,4,5,6,7,8,9,10,11,12,13,14,15,16,17,18,19,20,21,22,23,24,25,26,27,28,29,30,31,0,1,2,3,4,5,6,7,8,9,10,11,12,13,14,15,16,17,18,19,20,21,22,23,24,25,26,27,28,29,30,31
Nthreads: 128  Runtime(sec): 10  ListSize: 8192  Workload: 20/40/40  Throughput(Kops/sec): 130.53
MT_CONF=0,1,2,3,4,5,6,7,8,9,10,11,12,13,14,15,16,17,18,19,20,21,22,23,24,25,26,27,28,29,30,31,0,1,2,3,4,5,6,7,8,9,10,11,12,13,14,15,16,17,18,19,20,21,22,23,24,25,26,27,28,29,30,31,0,1,2,3,4,5,6,7,8,9,10,11,12,13,14,15,16,17,18,19,20,21,22,23,24,25,26,27,28,29,30,31,0,1,2,3,4,5,6,7,8,9,10,11,12,13,14,15,16,17,18,19,20,21,22,23,24,25,26,27,28,29,30,31
Nthreads: 128  Runtime(sec): 10  ListSize: 1024  Workload: 0/50/50  Throughput(Kops/sec): 67.77
MT_CONF=0,1,2,3,4,5,6,7,8,9,10,11,12,13,14,15,16,17,18,19,20,21,22,23,24,25,26,27,28,29,30,31,0,1,2,3,4,5,6,7,8,9,10,11,12,13,14,15,16,17,18,19,20,21,22,23,24,25,26,27,28,29,30,31,0,1,2,3,4,5,6,7,8,9,10,11,12,13,14,15,16,17,18,19,20,21,22,23,24,25,26,27,28,29,30,31,0,1,2,3,4,5,6,7,8,9,10,11,12,13,14,15,16,17,18,19,20,21,22,23,24,25,26,27,28,29,30,31
Nthreads: 128  Runtime(sec): 10  ListSize: 8192  Workload: 0/50/50  Throughput(Kops/sec): 131.78
